begin solution


 -------------- Step 1-------------- 


active nodes at the begin: 
<0> (load 0) with bound 9223372036854775807

best full node at the begin: <0> (load 0) with bound 9223372036854775807

branching node: <0> (load 0) with bound 9223372036854775807

generated children: 
<0-1> (load 58) with bound 467053.71681317
<0-2> (load 42) with bound 523334.63679944

best full node at the end: <0> (load 0) with bound 9223372036854775807

active nodes at the end: 
<0-1> (load 58) with bound 467053.71681317
<0-2> (load 42) with bound 523334.63679944


 -------------- End of step 1-------------- 



 -------------- Step 2-------------- 


active nodes at the begin: 
<0-1> (load 58) with bound 467053.71681317
<0-2> (load 42) with bound 523334.63679944

best full node at the begin: <0> (load 0) with bound 9223372036854775807

branching node: <0-1> (load 58) with bound 467053.71681317

generated children: 
<0-1-2> (load 100) with bound 668668.32742709
<0-1-3> (load 0) with bound 675077.80676912

best full node at the end: <0> (load 0) with bound 9223372036854775807

active nodes at the end: 
<0-1-2> (load 100) with bound 668668.32742709
<0-1-3> (load 0) with bound 675077.80676912
<0-2> (load 42) with bound 523334.63679944


 -------------- End of step 2-------------- 



 -------------- Step 3-------------- 


active nodes at the begin: 
<0-1-2> (load 100) with bound 668668.32742709
<0-1-3> (load 0) with bound 675077.80676912
<0-2> (load 42) with bound 523334.63679944

best full node at the begin: <0> (load 0) with bound 9223372036854775807

branching node: <0-2> (load 42) with bound 523334.63679944

generated children: 
<0-2-1> (load 100) with bound 724949.24741335
<0-2-4> (load 0) with bound 701772.28756295

best full node at the end: <0> (load 0) with bound 9223372036854775807

active nodes at the end: 
<0-1-2> (load 100) with bound 668668.32742709
<0-1-3> (load 0) with bound 675077.80676912
<0-2-1> (load 100) with bound 724949.24741335
<0-2-4> (load 0) with bound 701772.28756295


 -------------- End of step 3-------------- 



 -------------- Step 4-------------- 


active nodes at the begin: 
<0-1-2> (load 100) with bound 668668.32742709
<0-1-3> (load 0) with bound 675077.80676912
<0-2-1> (load 100) with bound 724949.24741335
<0-2-4> (load 0) with bound 701772.28756295

best full node at the begin: <0> (load 0) with bound 9223372036854775807

branching node: <0-1-2> (load 100) with bound 668668.32742709

generated children: 
<0-1-2-3> (load 42) with bound 878781.15731855
<0-1-2-4> (load 58) with bound 847105.9781906

best full node at the end: <0> (load 0) with bound 9223372036854775807

active nodes at the end: 
<0-1-2-3> (load 42) with bound 878781.15731855
<0-1-2-4> (load 58) with bound 847105.9781906
<0-1-3> (load 0) with bound 675077.80676912
<0-2-1> (load 100) with bound 724949.24741335
<0-2-4> (load 0) with bound 701772.28756295


 -------------- End of step 4-------------- 



 -------------- Step 5-------------- 


active nodes at the begin: 
<0-1-2-3> (load 42) with bound 878781.15731855
<0-1-2-4> (load 58) with bound 847105.9781906
<0-1-3> (load 0) with bound 675077.80676912
<0-2-1> (load 100) with bound 724949.24741335
<0-2-4> (load 0) with bound 701772.28756295

best full node at the begin: <0> (load 0) with bound 9223372036854775807

branching node: <0-1-3> (load 0) with bound 675077.80676912

generated children: 
<0-1-3-2> (load 42) with bound 885190.63666059

best full node at the end: <0> (load 0) with bound 9223372036854775807

active nodes at the end: 
<0-1-2-3> (load 42) with bound 878781.15731855
<0-1-2-4> (load 58) with bound 847105.9781906
<0-1-3-2> (load 42) with bound 885190.63666059
<0-2-1> (load 100) with bound 724949.24741335
<0-2-4> (load 0) with bound 701772.28756295


 -------------- End of step 5-------------- 



 -------------- Step 6-------------- 


active nodes at the begin: 
<0-1-2-3> (load 42) with bound 878781.15731855
<0-1-2-4> (load 58) with bound 847105.9781906
<0-1-3-2> (load 42) with bound 885190.63666059
<0-2-1> (load 100) with bound 724949.24741335
<0-2-4> (load 0) with bound 701772.28756295

best full node at the begin: <0> (load 0) with bound 9223372036854775807

branching node: <0-2-4> (load 0) with bound 701772.28756295

generated children: 
<0-2-4-1> (load 58) with bound 959741.10561079

best full node at the end: <0> (load 0) with bound 9223372036854775807

active nodes at the end: 
<0-1-2-3> (load 42) with bound 878781.15731855
<0-1-2-4> (load 58) with bound 847105.9781906
<0-1-3-2> (load 42) with bound 885190.63666059
<0-2-1> (load 100) with bound 724949.24741335
<0-2-4-1> (load 58) with bound 959741.10561079


 -------------- End of step 6-------------- 



 -------------- Step 7-------------- 


active nodes at the begin: 
<0-1-2-3> (load 42) with bound 878781.15731855
<0-1-2-4> (load 58) with bound 847105.9781906
<0-1-3-2> (load 42) with bound 885190.63666059
<0-2-1> (load 100) with bound 724949.24741335
<0-2-4-1> (load 58) with bound 959741.10561079

best full node at the begin: <0> (load 0) with bound 9223372036854775807

branching node: <0-2-1> (load 100) with bound 724949.24741335

generated children: 
<0-2-1-3> (load 42) with bound 932973.3373693
<0-2-1-4> (load 58) with bound 982918.06546119

best full node at the end: <0> (load 0) with bound 9223372036854775807

active nodes at the end: 
<0-1-2-3> (load 42) with bound 878781.15731855
<0-1-2-4> (load 58) with bound 847105.9781906
<0-1-3-2> (load 42) with bound 885190.63666059
<0-2-1-3> (load 42) with bound 932973.3373693
<0-2-1-4> (load 58) with bound 982918.06546119
<0-2-4-1> (load 58) with bound 959741.10561079


 -------------- End of step 7-------------- 



 -------------- Step 8-------------- 


active nodes at the begin: 
<0-1-2-3> (load 42) with bound 878781.15731855
<0-1-2-4> (load 58) with bound 847105.9781906
<0-1-3-2> (load 42) with bound 885190.63666059
<0-2-1-3> (load 42) with bound 932973.3373693
<0-2-1-4> (load 58) with bound 982918.06546119
<0-2-4-1> (load 58) with bound 959741.10561079

best full node at the begin: <0> (load 0) with bound 9223372036854775807

branching node: <0-1-2-4> (load 58) with bound 847105.9781906

generated children: 
<0-1-2-4-3-0> (load 0) with bound 1248980.0639667

best full node at the end: <0-1-2-4-3-0> (load 0) with bound 1248980.0639667

active nodes at the end: 
<0-1-2-3> (load 42) with bound 878781.15731855
<0-1-3-2> (load 42) with bound 885190.63666059
<0-2-1-3> (load 42) with bound 932973.3373693
<0-2-1-4> (load 58) with bound 982918.06546119
<0-2-4-1> (load 58) with bound 959741.10561079


 -------------- End of step 8-------------- 



 -------------- Step 9-------------- 


active nodes at the begin: 
<0-1-2-3> (load 42) with bound 878781.15731855
<0-1-3-2> (load 42) with bound 885190.63666059
<0-2-1-3> (load 42) with bound 932973.3373693
<0-2-1-4> (load 58) with bound 982918.06546119
<0-2-4-1> (load 58) with bound 959741.10561079

best full node at the begin: <0-1-2-4-3-0> (load 0) with bound 1248980.0639667

branching node: <0-1-2-3> (load 42) with bound 878781.15731855

generated children: 
<0-1-2-3-4-0> (load 0) with bound 1332009.9159832

best full node at the end: <0-1-2-4-3-0> (load 0) with bound 1248980.0639667

active nodes at the end: 
<0-1-3-2> (load 42) with bound 885190.63666059
<0-2-1-3> (load 42) with bound 932973.3373693
<0-2-1-4> (load 58) with bound 982918.06546119
<0-2-4-1> (load 58) with bound 959741.10561079


 -------------- End of step 9-------------- 



 -------------- Step 10-------------- 


active nodes at the begin: 
<0-1-3-2> (load 42) with bound 885190.63666059
<0-2-1-3> (load 42) with bound 932973.3373693
<0-2-1-4> (load 58) with bound 982918.06546119
<0-2-4-1> (load 58) with bound 959741.10561079

best full node at the begin: <0-1-2-4-3-0> (load 0) with bound 1248980.0639667

branching node: <0-1-3-2> (load 42) with bound 885190.63666059

generated children: 
<0-1-3-2-4-0> (load 0) with bound 1428455.8648466

best full node at the end: <0-1-2-4-3-0> (load 0) with bound 1248980.0639667

active nodes at the end: 
<0-2-1-3> (load 42) with bound 932973.3373693
<0-2-1-4> (load 58) with bound 982918.06546119
<0-2-4-1> (load 58) with bound 959741.10561079


 -------------- End of step 10-------------- 



 -------------- Step 11-------------- 


active nodes at the begin: 
<0-2-1-3> (load 42) with bound 932973.3373693
<0-2-1-4> (load 58) with bound 982918.06546119
<0-2-4-1> (load 58) with bound 959741.10561079

best full node at the begin: <0-1-2-4-3-0> (load 0) with bound 1248980.0639667

branching node: <0-2-1-3> (load 42) with bound 932973.3373693

generated children: 
<0-2-1-3-4-0> (load 0) with bound 1386202.0960339

best full node at the end: <0-1-2-4-3-0> (load 0) with bound 1248980.0639667

active nodes at the end: 
<0-2-1-4> (load 58) with bound 982918.06546119
<0-2-4-1> (load 58) with bound 959741.10561079


 -------------- End of step 11-------------- 



 -------------- Step 12-------------- 


active nodes at the begin: 
<0-2-1-4> (load 58) with bound 982918.06546119
<0-2-4-1> (load 58) with bound 959741.10561079

best full node at the begin: <0-1-2-4-3-0> (load 0) with bound 1248980.0639667

branching node: <0-2-4-1> (load 58) with bound 959741.10561079

generated children: 
<0-2-4-1-3-0> (load 0) with bound 1481238.1001008

best full node at the end: <0-1-2-4-3-0> (load 0) with bound 1248980.0639667

active nodes at the end: 
<0-2-1-4> (load 58) with bound 982918.06546119


 -------------- End of step 12-------------- 



 -------------- Step 13-------------- 


active nodes at the begin: 
<0-2-1-4> (load 58) with bound 982918.06546119

best full node at the begin: <0-1-2-4-3-0> (load 0) with bound 1248980.0639667

branching node: <0-2-1-4> (load 58) with bound 982918.06546119

generated children: 
<0-2-1-4-3-0> (load 0) with bound 1384792.1512373

best full node at the end: <0-1-2-4-3-0> (load 0) with bound 1248980.0639667

active nodes at the end: 


 -------------- End of step 13-------------- 

